Adding annotator tokenize
Adding annotator ssplit
Adding annotator pos
Reading POS tagger model from edu/stanford/nlp/models/pos-tagger/english-left3words/english-left3words-distsim.tagger ... done [1.6 sec].
Adding annotator lemma
Adding annotator ner
Loading classifier from edu/stanford/nlp/models/ner/english.all.3class.distsim.crf.ser.gz ... done [5.0 sec].
Loading classifier from edu/stanford/nlp/models/ner/english.muc.7class.distsim.crf.ser.gz ... done [4.1 sec].
Loading classifier from edu/stanford/nlp/models/ner/english.conll.4class.distsim.crf.ser.gz ... done [3.1 sec].
Initializing JollyDayHoliday for sutime
Reading TokensRegex rules from edu/stanford/nlp/models/sutime/defs.sutime.txt
Reading TokensRegex rules from edu/stanford/nlp/models/sutime/english.sutime.txt
12 28, 2017 5:44:21 午後 edu.stanford.nlp.ling.tokensregex.CoreMapExpressionExtractor appendRules
情報: Ignoring inactive rule: temporal-composite-8:ranges
Reading TokensRegex rules from edu/stanford/nlp/models/sutime/english.holidays.sutime.txt
Adding annotator parse
Loading parser from serialized file edu/stanford/nlp/models/lexparser/englishPCFG.ser.gz ... done [3.0 sec].
Adding annotator dcoref

Processing file /Users/kyoko/100knock/nlp.txt ... writing to /Users/kyoko/100knock/nlp.txt.xml [0.197 seconds]
Annotation pipeline timing information:
PTBTokenizerAnnotator: 0.0 sec.
WordsToSentencesAnnotator: 0.0 sec.
POSTaggerAnnotator: 0.2 sec.
MorphaAnnotator: 0.1 sec.
NERCombinerAnnotator: 2.9 sec.
ParserAnnotator: 11.7 sec.
DeterministicCorefAnnotator: 4.5 sec.
TOTAL: 19.4 sec. for 1452 tokens at 74.9 tokens/sec.
Pipeline setup: 18.1 sec.
Total time for StanfordCoreNLP pipeline: 37.6 sec.
